Flow report for Lab2_2
Wed Nov 08 14:45:38 2017
Quartus Prime Version 17.0.0 Build 595 04/25/2017 SJ Lite Edition


---------------------
; Table of Contents ;
---------------------
  1. Legal Notice
  2. Flow Summary
  3. Flow Settings
  4. Flow Non-Default Global Settings
  5. Flow Elapsed Time
  6. Flow OS Summary
  7. Flow Log
  8. Flow Messages
  9. Flow Suppressed Messages



----------------
; Legal Notice ;
----------------
Copyright (C) 2017  Intel Corporation. All rights reserved.
Your use of Intel Corporation's design tools, logic functions 
and other software and tools, and its AMPP partner logic 
functions, and any output files from any of the foregoing 
(including device programming or simulation files), and any 
associated documentation or information are expressly subject 
to the terms and conditions of the Intel Program License 
Subscription Agreement, the Intel Quartus Prime License Agreement,
the Intel MegaCore Function License Agreement, or other 
applicable license agreement, including, without limitation, 
that your use is for the sole purpose of programming logic 
devices manufactured by Intel and sold by Intel or its 
authorized distributors.  Please refer to the applicable 
agreement for further details.



+-------------------------------------------------------------------------------+
; Flow Summary                                                                  ;
+---------------------------------+---------------------------------------------+
; Flow Status                     ; Successful - Wed Nov 08 14:45:38 2017       ;
; Quartus Prime Version           ; 17.0.0 Build 595 04/25/2017 SJ Lite Edition ;
; Revision Name                   ; Lab2_2                                      ;
; Top-level Entity Name           ; Lab2_2                                      ;
; Family                          ; Cyclone V                                   ;
; Device                          ; 5CGXFC7C7F23C8                              ;
; Timing Models                   ; Final                                       ;
; Logic utilization (in ALMs)     ; 199 / 56,480 ( < 1 % )                      ;
; Total registers                 ; 0                                           ;
; Total pins                      ; 106 / 268 ( 40 % )                          ;
; Total virtual pins              ; 0                                           ;
; Total block memory bits         ; 0 / 7,024,640 ( 0 % )                       ;
; Total DSP Blocks                ; 0 / 156 ( 0 % )                             ;
; Total HSSI RX PCSs              ; 0 / 6 ( 0 % )                               ;
; Total HSSI PMA RX Deserializers ; 0 / 6 ( 0 % )                               ;
; Total HSSI TX PCSs              ; 0 / 6 ( 0 % )                               ;
; Total HSSI PMA TX Serializers   ; 0 / 6 ( 0 % )                               ;
; Total PLLs                      ; 0 / 13 ( 0 % )                              ;
; Total DLLs                      ; 0 / 4 ( 0 % )                               ;
+---------------------------------+---------------------------------------------+


+-----------------------------------------+
; Flow Settings                           ;
+-------------------+---------------------+
; Option            ; Setting             ;
+-------------------+---------------------+
; Start date & time ; 10/21/2017 21:39:18 ;
; Main task         ; Compilation         ;
; Revision Name     ; Lab2_2              ;
+-------------------+---------------------+


+-------------------------------------------------------------------------------------------------------------------------+
; Flow Non-Default Global Settings                                                                                        ;
+-------------------------------------+----------------------------------------+---------------+-------------+------------+
; Assignment Name                     ; Value                                  ; Default Value ; Entity Name ; Section Id ;
+-------------------------------------+----------------------------------------+---------------+-------------+------------+
; COMPILER_SIGNATURE_ID               ; 220295157938207.150861115711760        ; --            ; --          ; --         ;
; MAX_CORE_JUNCTION_TEMP              ; 85                                     ; --            ; --          ; --         ;
; MIN_CORE_JUNCTION_TEMP              ; 0                                      ; --            ; --          ; --         ;
; MISC_FILE                           ; mux47.bsf                              ; --            ; --          ; --         ;
; MISC_FILE                           ; mux47_bb.v                             ; --            ; --          ; --         ;
; MISC_FILE                           ; mux39.bsf                              ; --            ; --          ; --         ;
; MISC_FILE                           ; mux39_bb.v                             ; --            ; --          ; --         ;
; MISC_FILE                           ; mux35.bsf                              ; --            ; --          ; --         ;
; MISC_FILE                           ; mux35_bb.v                             ; --            ; --          ; --         ;
; MISC_FILE                           ; mux33.bsf                              ; --            ; --          ; --         ;
; MISC_FILE                           ; mux33_bb.v                             ; --            ; --          ; --         ;
; MISC_FILE                           ; mux32.bsf                              ; --            ; --          ; --         ;
; MISC_FILE                           ; mux32_bb.v                             ; --            ; --          ; --         ;
; MISC_FILE                           ; add_sub.bsf                            ; --            ; --          ; --         ;
; MISC_FILE                           ; add_sub_bb.v                           ; --            ; --          ; --         ;
; MISC_FILE                           ; Extnd_MUX.bsf                          ; --            ; --          ; --         ;
; MISC_FILE                           ; Extnd_MUX_bb.v                         ; --            ; --          ; --         ;
; MISC_FILE                           ; muxLU.bsf                              ; --            ; --          ; --         ;
; MISC_FILE                           ; muxLU_bb.v                             ; --            ; --          ; --         ;
; MISC_FILE                           ; muxF.bsf                               ; --            ; --          ; --         ;
; MISC_FILE                           ; muxF_bb.v                              ; --            ; --          ; --         ;
; PARTITION_COLOR                     ; -- (Not supported for targeted family) ; --            ; --          ; Top        ;
; PARTITION_FITTER_PRESERVATION_LEVEL ; -- (Not supported for targeted family) ; --            ; --          ; Top        ;
; PARTITION_NETLIST_TYPE              ; -- (Not supported for targeted family) ; --            ; --          ; Top        ;
; POWER_BOARD_THERMAL_MODEL           ; None (CONSERVATIVE)                    ; --            ; --          ; --         ;
; POWER_PRESET_COOLING_SOLUTION       ; 23 MM HEAT SINK WITH 200 LFPM AIRFLOW  ; --            ; --          ; --         ;
; PROJECT_OUTPUT_DIRECTORY            ; output_files                           ; --            ; --          ; --         ;
+-------------------------------------+----------------------------------------+---------------+-------------+------------+


+-------------------------------------------------------------------------------------------------------------------------------+
; Flow Elapsed Time                                                                                                             ;
+---------------------------+--------------+-------------------------+---------------------+------------------------------------+
; Module Name               ; Elapsed Time ; Average Processors Used ; Peak Virtual Memory ; Total CPU Time (on all processors) ;
+---------------------------+--------------+-------------------------+---------------------+------------------------------------+
; Analysis & Synthesis      ; 00:00:22     ; 1.0                     ; 712 MB              ; 00:00:44                           ;
; Fitter                    ; 00:01:31     ; 1.0                     ; 2341 MB             ; 00:02:19                           ;
; Assembler                 ; 00:00:16     ; 1.0                     ; 722 MB              ; 00:00:12                           ;
; TimeQuest Timing Analyzer ; 00:00:12     ; 1.1                     ; 1060 MB             ; 00:00:11                           ;
; EDA Netlist Writer        ; 00:00:02     ; 1.0                     ; 608 MB              ; 00:00:01                           ;
; EDA Netlist Writer        ; 00:00:02     ; 1.0                     ; 617 MB              ; 00:00:02                           ;
; EDA Netlist Writer        ; 00:00:01     ; 1.0                     ; 608 MB              ; 00:00:01                           ;
; EDA Netlist Writer        ; 00:00:02     ; 1.0                     ; 617 MB              ; 00:00:02                           ;
; EDA Netlist Writer        ; 00:00:01     ; 1.0                     ; 608 MB              ; 00:00:01                           ;
; EDA Netlist Writer        ; 00:00:01     ; 1.0                     ; 617 MB              ; 00:00:02                           ;
; EDA Netlist Writer        ; 00:00:01     ; 1.0                     ; 608 MB              ; 00:00:01                           ;
; EDA Netlist Writer        ; 00:00:01     ; 1.0                     ; 617 MB              ; 00:00:02                           ;
; EDA Netlist Writer        ; 00:00:01     ; 1.0                     ; 608 MB              ; 00:00:01                           ;
; EDA Netlist Writer        ; 00:00:02     ; 1.0                     ; 617 MB              ; 00:00:02                           ;
; EDA Netlist Writer        ; 00:00:01     ; 1.0                     ; 608 MB              ; 00:00:01                           ;
; EDA Netlist Writer        ; 00:00:01     ; 1.0                     ; 617 MB              ; 00:00:02                           ;
; EDA Netlist Writer        ; 00:00:02     ; 1.0                     ; 608 MB              ; 00:00:01                           ;
; EDA Netlist Writer        ; 00:00:02     ; 1.0                     ; 617 MB              ; 00:00:02                           ;
; EDA Netlist Writer        ; 00:00:02     ; 1.0                     ; 608 MB              ; 00:00:01                           ;
; EDA Netlist Writer        ; 00:00:02     ; 1.0                     ; 617 MB              ; 00:00:02                           ;
; EDA Netlist Writer        ; 00:00:02     ; 1.0                     ; 608 MB              ; 00:00:01                           ;
; EDA Netlist Writer        ; 00:00:02     ; 1.0                     ; 617 MB              ; 00:00:02                           ;
; EDA Netlist Writer        ; 00:00:02     ; 1.0                     ; 608 MB              ; 00:00:01                           ;
; EDA Netlist Writer        ; 00:00:02     ; 1.0                     ; 617 MB              ; 00:00:02                           ;
; EDA Netlist Writer        ; 00:00:05     ; 1.0                     ; 608 MB              ; 00:00:02                           ;
; EDA Netlist Writer        ; 00:00:02     ; 1.0                     ; 617 MB              ; 00:00:02                           ;
; EDA Netlist Writer        ; 00:00:01     ; 1.0                     ; 608 MB              ; 00:00:01                           ;
; EDA Netlist Writer        ; 00:00:02     ; 1.0                     ; 617 MB              ; 00:00:02                           ;
; EDA Netlist Writer        ; 00:00:02     ; 1.0                     ; 608 MB              ; 00:00:01                           ;
; EDA Netlist Writer        ; 00:00:02     ; 1.0                     ; 617 MB              ; 00:00:02                           ;
; EDA Netlist Writer        ; 00:00:01     ; 1.0                     ; 608 MB              ; 00:00:01                           ;
; EDA Netlist Writer        ; 00:00:01     ; 1.0                     ; 617 MB              ; 00:00:02                           ;
; EDA Netlist Writer        ; 00:00:01     ; 1.0                     ; 608 MB              ; 00:00:01                           ;
; EDA Netlist Writer        ; 00:00:01     ; 1.0                     ; 617 MB              ; 00:00:02                           ;
; EDA Netlist Writer        ; 00:00:01     ; 1.0                     ; 608 MB              ; 00:00:01                           ;
; EDA Netlist Writer        ; 00:00:01     ; 1.0                     ; 617 MB              ; 00:00:02                           ;
; EDA Netlist Writer        ; 00:00:06     ; 1.0                     ; 608 MB              ; 00:00:02                           ;
; EDA Netlist Writer        ; 00:00:02     ; 1.0                     ; 617 MB              ; 00:00:02                           ;
; EDA Netlist Writer        ; 00:00:07     ; 1.0                     ; 608 MB              ; 00:00:02                           ;
; EDA Netlist Writer        ; 00:00:03     ; 1.0                     ; 617 MB              ; 00:00:02                           ;
; EDA Netlist Writer        ; 00:00:06     ; 1.0                     ; 605 MB              ; 00:00:02                           ;
; EDA Netlist Writer        ; 00:00:02     ; 1.0                     ; 614 MB              ; 00:00:02                           ;
; Total                     ; 00:03:39     ; --                      ; --                  ; 00:04:27                           ;
+---------------------------+--------------+-------------------------+---------------------+------------------------------------+


+-----------------------------------------------------------------------------------------+
; Flow OS Summary                                                                         ;
+---------------------------+------------------+------------+------------+----------------+
; Module Name               ; Machine Hostname ; OS Name    ; OS Version ; Processor type ;
+---------------------------+------------------+------------+------------+----------------+
; Analysis & Synthesis      ; MYCOMPUTER       ; Windows 10 ; 10.0       ; x86_64         ;
; Fitter                    ; MYCOMPUTER       ; Windows 10 ; 10.0       ; x86_64         ;
; Assembler                 ; MYCOMPUTER       ; Windows 10 ; 10.0       ; x86_64         ;
; TimeQuest Timing Analyzer ; MYCOMPUTER       ; Windows 10 ; 10.0       ; x86_64         ;
; EDA Netlist Writer        ; MYCOMPUTER       ; Windows 10 ; 10.0       ; x86_64         ;
; EDA Netlist Writer        ; MYCOMPUTER       ; Windows 10 ; 10.0       ; x86_64         ;
; EDA Netlist Writer        ; MYCOMPUTER       ; Windows 10 ; 10.0       ; x86_64         ;
; EDA Netlist Writer        ; MYCOMPUTER       ; Windows 10 ; 10.0       ; x86_64         ;
; EDA Netlist Writer        ; MYCOMPUTER       ; Windows 10 ; 10.0       ; x86_64         ;
; EDA Netlist Writer        ; MYCOMPUTER       ; Windows 10 ; 10.0       ; x86_64         ;
; EDA Netlist Writer        ; MYCOMPUTER       ; Windows 10 ; 10.0       ; x86_64         ;
; EDA Netlist Writer        ; MYCOMPUTER       ; Windows 10 ; 10.0       ; x86_64         ;
; EDA Netlist Writer        ; MYCOMPUTER       ; Windows 10 ; 10.0       ; x86_64         ;
; EDA Netlist Writer        ; MYCOMPUTER       ; Windows 10 ; 10.0       ; x86_64         ;
; EDA Netlist Writer        ; MYCOMPUTER       ; Windows 10 ; 10.0       ; x86_64         ;
; EDA Netlist Writer        ; MYCOMPUTER       ; Windows 10 ; 10.0       ; x86_64         ;
; EDA Netlist Writer        ; MYCOMPUTER       ; Windows 10 ; 10.0       ; x86_64         ;
; EDA Netlist Writer        ; MYCOMPUTER       ; Windows 10 ; 10.0       ; x86_64         ;
; EDA Netlist Writer        ; MYCOMPUTER       ; Windows 10 ; 10.0       ; x86_64         ;
; EDA Netlist Writer        ; MYCOMPUTER       ; Windows 10 ; 10.0       ; x86_64         ;
; EDA Netlist Writer        ; MYCOMPUTER       ; Windows 10 ; 10.0       ; x86_64         ;
; EDA Netlist Writer        ; MYCOMPUTER       ; Windows 10 ; 10.0       ; x86_64         ;
; EDA Netlist Writer        ; MYCOMPUTER       ; Windows 10 ; 10.0       ; x86_64         ;
; EDA Netlist Writer        ; MYCOMPUTER       ; Windows 10 ; 10.0       ; x86_64         ;
; EDA Netlist Writer        ; MYCOMPUTER       ; Windows 10 ; 10.0       ; x86_64         ;
; EDA Netlist Writer        ; MYCOMPUTER       ; Windows 10 ; 10.0       ; x86_64         ;
; EDA Netlist Writer        ; MYCOMPUTER       ; Windows 10 ; 10.0       ; x86_64         ;
; EDA Netlist Writer        ; MYCOMPUTER       ; Windows 10 ; 10.0       ; x86_64         ;
; EDA Netlist Writer        ; MYCOMPUTER       ; Windows 10 ; 10.0       ; x86_64         ;
; EDA Netlist Writer        ; MYCOMPUTER       ; Windows 10 ; 10.0       ; x86_64         ;
; EDA Netlist Writer        ; MYCOMPUTER       ; Windows 10 ; 10.0       ; x86_64         ;
; EDA Netlist Writer        ; MYCOMPUTER       ; Windows 10 ; 10.0       ; x86_64         ;
; EDA Netlist Writer        ; MYCOMPUTER       ; Windows 10 ; 10.0       ; x86_64         ;
; EDA Netlist Writer        ; MYCOMPUTER       ; Windows 10 ; 10.0       ; x86_64         ;
; EDA Netlist Writer        ; MYCOMPUTER       ; Windows 10 ; 10.0       ; x86_64         ;
; EDA Netlist Writer        ; MYCOMPUTER       ; Windows 10 ; 10.0       ; x86_64         ;
; EDA Netlist Writer        ; MYCOMPUTER       ; Windows 10 ; 10.0       ; x86_64         ;
; EDA Netlist Writer        ; MYCOMPUTER       ; Windows 10 ; 10.0       ; x86_64         ;
; EDA Netlist Writer        ; MYCOMPUTER       ; Windows 10 ; 10.0       ; x86_64         ;
; EDA Netlist Writer        ; MYCOMPUTER       ; Windows 10 ; 10.0       ; x86_64         ;
; EDA Netlist Writer        ; MYCOMPUTER       ; Windows 10 ; 10.0       ; x86_64         ;
; EDA Netlist Writer        ; MYCOMPUTER       ; Windows 10 ; 10.0       ; x86_64         ;
+---------------------------+------------------+------------+------------+----------------+


------------
; Flow Log ;
------------
quartus_map --read_settings_files=on --write_settings_files=off Lab2_2 -c Lab2_2
quartus_fit --read_settings_files=off --write_settings_files=off Lab2_2 -c Lab2_2
quartus_asm --read_settings_files=off --write_settings_files=off Lab2_2 -c Lab2_2
quartus_sta Lab2_2 -c Lab2_2
quartus_eda --gen_testbench --tool=modelsim_oem --format=verilog --write_settings_files=off Lab2_2 -c Lab2_2 --vector_source=D:/QuartusLab/Lab2/Lab2_2/Waveform1.vwf --testbench_file=D:/QuartusLab/Lab2/Lab2_2/simulation/qsim/Waveform1.vwf.vt
quartus_eda --write_settings_files=off --simulation=on --functional=on --flatten_buses=off --tool=modelsim_oem --format=verilog --output_directory=D:/QuartusLab/Lab2/Lab2_2/simulation/qsim/ Lab2_2 -c Lab2_2
quartus_eda --gen_testbench --tool=modelsim_oem --format=verilog --write_settings_files=off Lab2_2 -c Lab2_2 --vector_source=D:/QuartusLab/Lab2/Lab2_2/Waveform1.vwf --testbench_file=D:/QuartusLab/Lab2/Lab2_2/simulation/qsim/Waveform1.vwf.vt
quartus_eda --write_settings_files=off --simulation=on --functional=on --flatten_buses=off --tool=modelsim_oem --format=verilog --output_directory=D:/QuartusLab/Lab2/Lab2_2/simulation/qsim/ Lab2_2 -c Lab2_2
quartus_eda --gen_testbench --tool=modelsim_oem --format=verilog --write_settings_files=off Lab2_2 -c Lab2_2 --vector_source=D:/QuartusLab/Lab2/Lab2_2/Waveform1.vwf --testbench_file=D:/QuartusLab/Lab2/Lab2_2/simulation/qsim/Waveform1.vwf.vt
quartus_eda --write_settings_files=off --simulation=on --functional=on --flatten_buses=off --tool=modelsim_oem --format=verilog --output_directory=D:/QuartusLab/Lab2/Lab2_2/simulation/qsim/ Lab2_2 -c Lab2_2
quartus_eda --gen_testbench --tool=modelsim_oem --format=verilog --write_settings_files=off Lab2_2 -c Lab2_2 --vector_source=D:/QuartusLab/Lab2/Lab2_2/Waveform1.vwf --testbench_file=D:/QuartusLab/Lab2/Lab2_2/simulation/qsim/Waveform1.vwf.vt
quartus_eda --write_settings_files=off --simulation=on --functional=on --flatten_buses=off --tool=modelsim_oem --format=verilog --output_directory=D:/QuartusLab/Lab2/Lab2_2/simulation/qsim/ Lab2_2 -c Lab2_2
quartus_eda --gen_testbench --tool=modelsim_oem --format=verilog --write_settings_files=off Lab2_2 -c Lab2_2 --vector_source=D:/QuartusLab/Lab2/Lab2_2/Waveform1.vwf --testbench_file=D:/QuartusLab/Lab2/Lab2_2/simulation/qsim/Waveform1.vwf.vt
quartus_eda --write_settings_files=off --simulation=on --functional=on --flatten_buses=off --tool=modelsim_oem --format=verilog --output_directory=D:/QuartusLab/Lab2/Lab2_2/simulation/qsim/ Lab2_2 -c Lab2_2
quartus_eda --gen_testbench --tool=modelsim_oem --format=verilog --write_settings_files=off Lab2_2 -c Lab2_2 --vector_source=D:/QuartusLab/Lab2/Lab2_2/Waveform1.vwf --testbench_file=D:/QuartusLab/Lab2/Lab2_2/simulation/qsim/Waveform1.vwf.vt
quartus_eda --write_settings_files=off --simulation=on --functional=on --flatten_buses=off --tool=modelsim_oem --format=verilog --output_directory=D:/QuartusLab/Lab2/Lab2_2/simulation/qsim/ Lab2_2 -c Lab2_2
quartus_eda --gen_testbench --tool=modelsim_oem --format=verilog --write_settings_files=off Lab2_2 -c Lab2_2 --vector_source=D:/QuartusLab/Lab2/Lab2_2/Waveform1.vwf --testbench_file=D:/QuartusLab/Lab2/Lab2_2/simulation/qsim/Waveform1.vwf.vt
quartus_eda --write_settings_files=off --simulation=on --functional=on --flatten_buses=off --tool=modelsim_oem --format=verilog --output_directory=D:/QuartusLab/Lab2/Lab2_2/simulation/qsim/ Lab2_2 -c Lab2_2
quartus_eda --gen_testbench --tool=modelsim_oem --format=verilog --write_settings_files=off Lab2_2 -c Lab2_2 --vector_source=D:/QuartusLab/Lab2/Lab2_2/Waveform1.vwf --testbench_file=D:/QuartusLab/Lab2/Lab2_2/simulation/qsim/Waveform1.vwf.vt
quartus_eda --write_settings_files=off --simulation=on --functional=on --flatten_buses=off --tool=modelsim_oem --format=verilog --output_directory=D:/QuartusLab/Lab2/Lab2_2/simulation/qsim/ Lab2_2 -c Lab2_2
quartus_eda --gen_testbench --tool=modelsim_oem --format=verilog --write_settings_files=off Lab2_2 -c Lab2_2 --vector_source=D:/QuartusLab/Lab2/Lab2_2/Waveform1.vwf --testbench_file=D:/QuartusLab/Lab2/Lab2_2/simulation/qsim/Waveform1.vwf.vt
quartus_eda --write_settings_files=off --simulation=on --functional=on --flatten_buses=off --tool=modelsim_oem --format=verilog --output_directory=D:/QuartusLab/Lab2/Lab2_2/simulation/qsim/ Lab2_2 -c Lab2_2
quartus_eda --gen_testbench --tool=modelsim_oem --format=verilog --write_settings_files=off Lab2_2 -c Lab2_2 --vector_source=D:/QuartusLab/Lab2/Lab2_2/Waveform1.vwf --testbench_file=D:/QuartusLab/Lab2/Lab2_2/simulation/qsim/Waveform1.vwf.vt
quartus_eda --write_settings_files=off --simulation=on --functional=on --flatten_buses=off --tool=modelsim_oem --format=verilog --output_directory=D:/QuartusLab/Lab2/Lab2_2/simulation/qsim/ Lab2_2 -c Lab2_2
quartus_eda --gen_testbench --tool=modelsim_oem --format=verilog --write_settings_files=off Lab2_2 -c Lab2_2 --vector_source=D:/QuartusLab/Lab2/Lab2_2/Waveform.vwf --testbench_file=D:/QuartusLab/Lab2/Lab2_2/simulation/qsim/Waveform.vwf.vt
quartus_eda --write_settings_files=off --simulation=on --functional=on --flatten_buses=off --tool=modelsim_oem --format=verilog --output_directory=D:/QuartusLab/Lab2/Lab2_2/simulation/qsim/ Lab2_2 -c Lab2_2
quartus_eda --gen_testbench --tool=modelsim_oem --format=verilog --write_settings_files=off Lab2_2 -c Lab2_2 --vector_source=D:/QuartusLab/Lab2/Lab2_2/Waveform.vwf --testbench_file=D:/QuartusLab/Lab2/Lab2_2/simulation/qsim/Waveform.vwf.vt
quartus_eda --write_settings_files=off --simulation=on --functional=on --flatten_buses=off --tool=modelsim_oem --format=verilog --output_directory=D:/QuartusLab/Lab2/Lab2_2/simulation/qsim/ Lab2_2 -c Lab2_2
quartus_eda --gen_testbench --tool=modelsim_oem --format=verilog --write_settings_files=off Lab2_2 -c Lab2_2 --vector_source=D:/QuartusLab/Lab2/Lab2_2/Waveform.vwf --testbench_file=D:/QuartusLab/Lab2/Lab2_2/simulation/qsim/Waveform.vwf.vt
quartus_eda --write_settings_files=off --simulation=on --functional=on --flatten_buses=off --tool=modelsim_oem --format=verilog --output_directory=D:/QuartusLab/Lab2/Lab2_2/simulation/qsim/ Lab2_2 -c Lab2_2
quartus_eda --gen_testbench --tool=modelsim_oem --format=verilog --write_settings_files=off Lab2_2 -c Lab2_2 --vector_source=D:/QuartusLab/Lab2/Lab2_2/Waveform.vwf --testbench_file=D:/QuartusLab/Lab2/Lab2_2/simulation/qsim/Waveform.vwf.vt
quartus_eda --write_settings_files=off --simulation=on --functional=on --flatten_buses=off --tool=modelsim_oem --format=verilog --output_directory=D:/QuartusLab/Lab2/Lab2_2/simulation/qsim/ Lab2_2 -c Lab2_2
quartus_eda --gen_testbench --tool=modelsim_oem --format=verilog --write_settings_files=off Lab2_2 -c Lab2_2 --vector_source=D:/QuartusLab/Lab2/Lab2_2/Waveform.vwf --testbench_file=D:/QuartusLab/Lab2/Lab2_2/simulation/qsim/Waveform.vwf.vt
quartus_eda --write_settings_files=off --simulation=on --functional=on --flatten_buses=off --tool=modelsim_oem --format=verilog --output_directory=D:/QuartusLab/Lab2/Lab2_2/simulation/qsim/ Lab2_2 -c Lab2_2
quartus_eda --gen_testbench --tool=modelsim_oem --format=verilog --write_settings_files=off Lab2_2 -c Lab2_2 --vector_source=D:/QuartusLab/Lab2/Lab2_2/Waveform.vwf --testbench_file=D:/QuartusLab/Lab2/Lab2_2/simulation/qsim/Waveform.vwf.vt
quartus_eda --write_settings_files=off --simulation=on --functional=on --flatten_buses=off --tool=modelsim_oem --format=verilog --output_directory=D:/QuartusLab/Lab2/Lab2_2/simulation/qsim/ Lab2_2 -c Lab2_2
quartus_eda --gen_testbench --tool=modelsim_oem --format=verilog --write_settings_files=off Lab2_2 -c Lab2_2 --vector_source=D:/QuartusLab/Lab2/Lab2_2/Waveform1.vwf --testbench_file=D:/QuartusLab/Lab2/Lab2_2/simulation/qsim/Waveform1.vwf.vt
quartus_eda --write_settings_files=off --simulation=on --functional=on --flatten_buses=off --tool=modelsim_oem --format=verilog --output_directory=D:/QuartusLab/Lab2/Lab2_2/simulation/qsim/ Lab2_2 -c Lab2_2
quartus_eda --gen_testbench --tool=modelsim_oem --format=verilog --write_settings_files=off Lab2_2 -c Lab2_2 --vector_source=D:/QuartusLab/Lab2/Lab2_2/Waveform1.vwf --testbench_file=D:/QuartusLab/Lab2/Lab2_2/simulation/qsim/Waveform1.vwf.vt
quartus_eda --write_settings_files=off --simulation=on --functional=on --flatten_buses=off --tool=modelsim_oem --format=verilog --output_directory=D:/QuartusLab/Lab2/Lab2_2/simulation/qsim/ Lab2_2 -c Lab2_2
quartus_eda --gen_testbench --tool=modelsim_oem --format=verilog --write_settings_files=off Lab2_2 -c Lab2_2 --vector_source=D:/QuartusLab/Lab2/Lab2_2/Waveform1.vwf --testbench_file=D:/QuartusLab/Lab2/Lab2_2/simulation/qsim/Waveform1.vwf.vt
quartus_eda --write_settings_files=off --simulation=on --functional=on --flatten_buses=off --tool=modelsim_oem --format=verilog --output_directory=D:/QuartusLab/Lab2/Lab2_2/simulation/qsim/ Lab2_2 -c Lab2_2



