Flow report for Lab3_1
Fri Nov 17 17:13:36 2017
Quartus Prime Version 17.0.0 Build 595 04/25/2017 SJ Lite Edition


---------------------
; Table of Contents ;
---------------------
  1. Legal Notice
  2. Flow Summary
  3. Flow Settings
  4. Flow Non-Default Global Settings
  5. Flow Elapsed Time
  6. Flow OS Summary
  7. Flow Log
  8. Flow Messages
  9. Flow Suppressed Messages



----------------
; Legal Notice ;
----------------
Copyright (C) 2017  Intel Corporation. All rights reserved.
Your use of Intel Corporation's design tools, logic functions 
and other software and tools, and its AMPP partner logic 
functions, and any output files from any of the foregoing 
(including device programming or simulation files), and any 
associated documentation or information are expressly subject 
to the terms and conditions of the Intel Program License 
Subscription Agreement, the Intel Quartus Prime License Agreement,
the Intel MegaCore Function License Agreement, or other 
applicable license agreement, including, without limitation, 
that your use is for the sole purpose of programming logic 
devices manufactured by Intel and sold by Intel or its 
authorized distributors.  Please refer to the applicable 
agreement for further details.



+-------------------------------------------------------------------------------+
; Flow Summary                                                                  ;
+---------------------------------+---------------------------------------------+
; Flow Status                     ; Successful - Fri Nov 17 17:13:36 2017       ;
; Quartus Prime Version           ; 17.0.0 Build 595 04/25/2017 SJ Lite Edition ;
; Revision Name                   ; Lab3_1                                      ;
; Top-level Entity Name           ; Lab3_1                                      ;
; Family                          ; Cyclone V                                   ;
; Device                          ; 5CEBA4F23C7                                 ;
; Timing Models                   ; Final                                       ;
; Logic utilization (in ALMs)     ; N/A                                         ;
; Total registers                 ; 0                                           ;
; Total pins                      ; 6                                           ;
; Total virtual pins              ; 0                                           ;
; Total block memory bits         ; 0                                           ;
; Total DSP Blocks                ; 0                                           ;
; Total HSSI RX PCSs              ; 0                                           ;
; Total HSSI PMA RX Deserializers ; 0                                           ;
; Total HSSI TX PCSs              ; 0                                           ;
; Total HSSI PMA TX Serializers   ; 0                                           ;
; Total PLLs                      ; 0                                           ;
; Total DLLs                      ; 0                                           ;
+---------------------------------+---------------------------------------------+


+-----------------------------------------+
; Flow Settings                           ;
+-------------------+---------------------+
; Option            ; Setting             ;
+-------------------+---------------------+
; Start date & time ; 11/17/2017 17:09:48 ;
; Main task         ; Compilation         ;
; Revision Name     ; Lab3_1              ;
+-------------------+---------------------+


+----------------------------------------------------------------------------------------------------------------------------+
; Flow Non-Default Global Settings                                                                                           ;
+-------------------------------------+----------------------------------------+---------------+----------------+------------+
; Assignment Name                     ; Value                                  ; Default Value ; Entity Name    ; Section Id ;
+-------------------------------------+----------------------------------------+---------------+----------------+------------+
; COMPILER_SIGNATURE_ID               ; 220295157938207.151093138707680        ; --            ; --             ; --         ;
; MAX_CORE_JUNCTION_TEMP              ; 85                                     ; --            ; --             ; --         ;
; MIN_CORE_JUNCTION_TEMP              ; 0                                      ; --            ; --             ; --         ;
; MISC_FILE                           ; mux8.bsf                               ; --            ; --             ; --         ;
; MISC_FILE                           ; mux8_bb.v                              ; --            ; --             ; --         ;
; PARTITION_COLOR                     ; -- (Not supported for targeted family) ; --            ; DE0_CV_Default ; Top        ;
; PARTITION_COLOR                     ; -- (Not supported for targeted family) ; --            ; --             ; Top        ;
; PARTITION_FITTER_PRESERVATION_LEVEL ; -- (Not supported for targeted family) ; --            ; DE0_CV_Default ; Top        ;
; PARTITION_FITTER_PRESERVATION_LEVEL ; -- (Not supported for targeted family) ; --            ; --             ; Top        ;
; PARTITION_NETLIST_TYPE              ; -- (Not supported for targeted family) ; --            ; DE0_CV_Default ; Top        ;
; PARTITION_NETLIST_TYPE              ; -- (Not supported for targeted family) ; --            ; --             ; Top        ;
; POWER_BOARD_THERMAL_MODEL           ; None (CONSERVATIVE)                    ; --            ; --             ; --         ;
; POWER_PRESET_COOLING_SOLUTION       ; 23 MM HEAT SINK WITH 200 LFPM AIRFLOW  ; --            ; --             ; --         ;
; PROJECT_OUTPUT_DIRECTORY            ; output_files                           ; --            ; --             ; --         ;
+-------------------------------------+----------------------------------------+---------------+----------------+------------+


+--------------------------------------------------------------------------------------------------------------------------+
; Flow Elapsed Time                                                                                                        ;
+----------------------+--------------+-------------------------+---------------------+------------------------------------+
; Module Name          ; Elapsed Time ; Average Processors Used ; Peak Virtual Memory ; Total CPU Time (on all processors) ;
+----------------------+--------------+-------------------------+---------------------+------------------------------------+
; Analysis & Synthesis ; 00:00:21     ; 1.0                     ; 750 MB              ; 00:00:38                           ;
; EDA Netlist Writer   ; 00:00:01     ; 1.0                     ; 595 MB              ; 00:00:01                           ;
; EDA Netlist Writer   ; 00:00:01     ; 1.0                     ; 601 MB              ; 00:00:01                           ;
; EDA Netlist Writer   ; 00:00:00     ; 1.0                     ; 597 MB              ; 00:00:01                           ;
; EDA Netlist Writer   ; 00:00:01     ; 1.0                     ; 601 MB              ; 00:00:01                           ;
; Total                ; 00:00:24     ; --                      ; --                  ; 00:00:42                           ;
+----------------------+--------------+-------------------------+---------------------+------------------------------------+


+------------------------------------------------------------------------------------+
; Flow OS Summary                                                                    ;
+----------------------+------------------+------------+------------+----------------+
; Module Name          ; Machine Hostname ; OS Name    ; OS Version ; Processor type ;
+----------------------+------------------+------------+------------+----------------+
; Analysis & Synthesis ; MYCOMPUTER       ; Windows 10 ; 10.0       ; x86_64         ;
; EDA Netlist Writer   ; MYCOMPUTER       ; Windows 10 ; 10.0       ; x86_64         ;
; EDA Netlist Writer   ; MYCOMPUTER       ; Windows 10 ; 10.0       ; x86_64         ;
; EDA Netlist Writer   ; MYCOMPUTER       ; Windows 10 ; 10.0       ; x86_64         ;
; EDA Netlist Writer   ; MYCOMPUTER       ; Windows 10 ; 10.0       ; x86_64         ;
+----------------------+------------------+------------+------------+----------------+


------------
; Flow Log ;
------------
quartus_map --read_settings_files=on --write_settings_files=off Lab3_1 -c Lab3_1
quartus_eda --gen_testbench --tool=modelsim_oem --format=verilog --write_settings_files=off Lab3_1 -c Lab3_1 --vector_source=D:/QuartusLab/Lab3/Lab3_1/Waveform3.vwf --testbench_file=D:/QuartusLab/Lab3/Lab3_1/simulation/qsim/Waveform3.vwf.vt
quartus_eda --write_settings_files=off --simulation=on --functional=on --flatten_buses=off --tool=modelsim_oem --format=verilog --output_directory=D:/QuartusLab/Lab3/Lab3_1/simulation/qsim/ Lab3_1 -c Lab3_1
quartus_eda --gen_testbench --tool=modelsim_oem --format=verilog --write_settings_files=off Lab3_1 -c Lab3_1 --vector_source=D:/QuartusLab/Lab3/Lab3_1/Waveform3.vwf --testbench_file=D:/QuartusLab/Lab3/Lab3_1/simulation/qsim/Waveform3.vwf.vt
quartus_eda --write_settings_files=off --simulation=on --functional=on --flatten_buses=off --tool=modelsim_oem --format=verilog --output_directory=D:/QuartusLab/Lab3/Lab3_1/simulation/qsim/ Lab3_1 -c Lab3_1



